VA_ADRS/app/build/intermediates/manifest_merge_blame_file/debug/manifest-merger-blame-debug-report.txt
1<?xml version="1.0" encoding="utf-8"?>
2<manifest xmlns:android="http://schemas.android.com/apk/res/android"
3    package="ast.adrs.va"
4    android:versionCode="1"
5    android:versionName="1.0" >
6
7    <uses-sdk
8        android:minSdkVersion="21"
8-->src\main\AndroidManifest.xml
9        android:targetSdkVersion="30" />
9-->src\main\AndroidManifest.xml
10    <!-- region App Permissions -->
11    <uses-permission android:name="android.permission.INTERNET" />
11-->src\main\AndroidManifest.xml:5:5-67
11-->src\main\AndroidManifest.xml:5:22-64
12    <uses-permission android:name="android.permission.ACCESS_COARSE_LOCATION" />
12-->src\main\AndroidManifest.xml:6:5-81
12-->src\main\AndroidManifest.xml:6:22-78
13    <uses-permission android:name="android.permission.ACCESS_FINE_LOCATION" />
13-->src\main\AndroidManifest.xml:7:5-79
13-->src\main\AndroidManifest.xml:7:22-76
14    <uses-permission android:name="android.permission.READ_PHONE_STATE" />
14-->src\main\AndroidManifest.xml:8:5-75
14-->src\main\AndroidManifest.xml:8:22-72
15    <uses-permission android:name="android.permission.CALL_PHONE" />
15-->src\main\AndroidManifest.xml:9:5-69
15-->src\main\AndroidManifest.xml:9:22-66
16    <uses-permission android:name="android.permission.RECEIVE_SMS" />
16-->src\main\AndroidManifest.xml:10:5-70
16-->src\main\AndroidManifest.xml:10:22-67
17    <uses-permission android:name="android.permission.READ_SMS" />
17-->src\main\AndroidManifest.xml:11:5-67
17-->src\main\AndroidManifest.xml:11:22-64
18    <uses-permission android:name="android.permission.READ_EXTERNAL_STORAGE" />
18-->src\main\AndroidManifest.xml:12:5-80
18-->src\main\AndroidManifest.xml:12:22-77
19    <uses-permission android:name="android.permission.WRITE_EXTERNAL_STORAGE" />
19-->src\main\AndroidManifest.xml:13:5-81
19-->src\main\AndroidManifest.xml:13:22-78
20    <uses-permission android:name="android.permission.CAMERA" />
20-->src\main\AndroidManifest.xml:14:5-65
20-->src\main\AndroidManifest.xml:14:22-62
21    <uses-permission android:name="android.permission.RECEIVE_SMS" />
21-->src\main\AndroidManifest.xml:10:5-70
21-->src\main\AndroidManifest.xml:10:22-67
22    <uses-permission android:name="android.permission.SEND_SMS" />
22-->src\main\AndroidManifest.xml:16:5-67
22-->src\main\AndroidManifest.xml:16:22-64
23    <uses-permission android:name="INTERNET" />
23-->src\main\AndroidManifest.xml:17:5-47
23-->src\main\AndroidManifest.xml:17:22-45
24    <uses-permission android:name="android.permission.ACCESS_FINE_LOCATION" />
24-->src\main\AndroidManifest.xml:7:5-79
24-->src\main\AndroidManifest.xml:7:22-76
25    <uses-permission android:name="android.permission.ACCESS_COARSE_LOCATION" />
25-->src\main\AndroidManifest.xml:6:5-81
25-->src\main\AndroidManifest.xml:6:22-78
26    <uses-permission android:name="ACCESS_NETWORK_STATE" />
26-->src\main\AndroidManifest.xml:20:5-59
26-->src\main\AndroidManifest.xml:20:22-57
27    <uses-permission android:name="android.permission.WRITE_SMS" />
27-->src\main\AndroidManifest.xml:21:5-68
27-->src\main\AndroidManifest.xml:21:22-65
28    <uses-permission android:name="android.permission.READ_SMS" />
28-->src\main\AndroidManifest.xml:11:5-67
28-->src\main\AndroidManifest.xml:11:22-64
29    <uses-permission android:name="android.permission.RECEIVE_SMS" />
29-->src\main\AndroidManifest.xml:10:5-70
29-->src\main\AndroidManifest.xml:10:22-67
30
31    <!-- Include required permissions for Google Maps API to run. -->
32    <uses-permission android:name="android.permission.ACCESS_NETWORK_STATE" />
32-->[com.google.android.gms:play-services-maps:16.1.0] AndroidManifest.xml:23:5-79
32-->[com.google.android.gms:play-services-maps:16.1.0] AndroidManifest.xml:23:22-76
33
34    <uses-feature
34-->[com.google.android.gms:play-services-maps:16.1.0] AndroidManifest.xml:26:5-28:35
35        android:glEsVersion="0x00020000"
35-->[com.google.android.gms:play-services-maps:16.1.0] AndroidManifest.xml:27:9-41
36        android:required="true" />
36-->[com.google.android.gms:play-services-maps:16.1.0] AndroidManifest.xml:28:9-32
37
38    <uses-permission android:name="android.permission.WAKE_LOCK" /> <!-- Required by older versions of Google Play services to create IID tokens -->
38-->[com.google.firebase:firebase-iid:21.0.0] AndroidManifest.xml:24:5-68
38-->[com.google.firebase:firebase-iid:21.0.0] AndroidManifest.xml:24:22-65
39    <uses-permission android:name="com.google.android.c2dm.permission.RECEIVE" />
39-->[com.google.firebase:firebase-iid:21.0.0] AndroidManifest.xml:26:5-82
39-->[com.google.firebase:firebase-iid:21.0.0] AndroidManifest.xml:26:22-79
40    <uses-permission android:name="com.google.android.finsky.permission.BIND_GET_INSTALL_REFERRER_SERVICE" /> <!-- for both NETWORK_PROVIDER and  GPS_PROVIDER -->
40-->[com.google.android.gms:play-services-measurement:18.0.0] AndroidManifest.xml:26:5-110
40-->[com.google.android.gms:play-services-measurement:18.0.0] AndroidManifest.xml:26:22-107
41    <!-- <uses-permission android:name="com.mankoosha.aksar.permission.MAPS_RECEIVE" /> -->
42    <!-- <uses-permission android:name="com.google.android.providers.gsf.permission.READ_GSERVICES" /> -->
43    <!-- <uses-permission -->
44    <!-- android:name="android.permission.WRITE_EXTERNAL_STORAGE" -->
45    <!-- android:maxSdkVersion="18" /> -->
46    <!-- endregion -->
47    <application
47-->src\main\AndroidManifest.xml:33:5-95:19
48        android:name="ast.adrs.va.MyApplication"
48-->src\main\AndroidManifest.xml:34:9-49
49        android:allowBackup="true"
49-->src\main\AndroidManifest.xml:35:9-35
50        android:appComponentFactory="androidx.core.app.CoreComponentFactory"
50-->[androidx.core:core:1.0.1] AndroidManifest.xml:22:18-86
51        android:debuggable="true"
52        android:icon="@mipmap/ic_launcher_round"
52-->src\main\AndroidManifest.xml:36:9-49
53        android:label="@string/app_name"
53-->src\main\AndroidManifest.xml:37:9-41
54        android:largeHeap="true"
54-->src\main\AndroidManifest.xml:38:9-33
55        android:requestLegacyExternalStorage="true"
55-->src\main\AndroidManifest.xml:39:9-52
56        android:roundIcon="@mipmap/ic_launcher_round"
56-->src\main\AndroidManifest.xml:40:9-54
57        android:screenOrientation="portrait"
57-->src\main\AndroidManifest.xml:41:9-45
58        android:supportsRtl="true"
58-->src\main\AndroidManifest.xml:42:9-35
59        android:theme="@style/AppTheme"
59-->src\main\AndroidManifest.xml:44:9-40
60        android:usesCleartextTraffic="true" >
60-->src\main\AndroidManifest.xml:45:9-44
61        <activity
61-->src\main\AndroidManifest.xml:46:9-57:20
62            android:name="ast.adrs.va.IntroActivity"
62-->src\main\AndroidManifest.xml:47:13-53
63            android:screenOrientation="portrait"
63-->src\main\AndroidManifest.xml:48:13-49
64            android:windowSoftInputMode="stateHidden|adjustPan" >
64-->src\main\AndroidManifest.xml:49:13-64
65
66            <!-- android:windowSoftInputMode="stateHidden|adjustResize" -->
67            <!-- android:windowSoftInputMode="stateHidden|adjustPan" -->
68            <intent-filter>
68-->src\main\AndroidManifest.xml:52:13-56:29
69                <action android:name="android.intent.action.MAIN" />
69-->src\main\AndroidManifest.xml:53:17-69
69-->src\main\AndroidManifest.xml:53:25-66
70
71                <category android:name="android.intent.category.LAUNCHER" />
71-->src\main\AndroidManifest.xml:55:17-77
71-->src\main\AndroidManifest.xml:55:27-74
72            </intent-filter>
73        </activity>
74        <activity
74-->src\main\AndroidManifest.xml:59:9-63:67
75            android:name="ast.adrs.va.MainActivity"
75-->src\main\AndroidManifest.xml:60:13-52
76            android:launchMode="singleTop"
76-->src\main\AndroidManifest.xml:61:13-43
77            android:screenOrientation="portrait"
77-->src\main\AndroidManifest.xml:62:13-49
78            android:windowSoftInputMode="stateHidden|adjustPan" />
78-->src\main\AndroidManifest.xml:63:13-64
79
80        <!-- region Google maps -->
81        <uses-library android:name="com.google.android.maps" />
81-->src\main\AndroidManifest.xml:66:9-64
81-->src\main\AndroidManifest.xml:66:23-61
82
83        <meta-data
83-->src\main\AndroidManifest.xml:67:9-69:54
84            android:name="com.google.android.maps.v2.API_KEY"
84-->src\main\AndroidManifest.xml:68:13-62
85            android:value="@string/goole_maps_key" />
85-->src\main\AndroidManifest.xml:69:13-51
86        <!-- endregion -->
87
88
89        <!-- region FCM Declaration -->
90        <service android:name="ast.adrs.va.IntroAuxiliaries.FCMUtils.MyInstanceIDListenerService" >
90-->src\main\AndroidManifest.xml:73:9-77:19
90-->src\main\AndroidManifest.xml:73:18-98
91            <intent-filter>
91-->src\main\AndroidManifest.xml:74:13-76:29
92                <action android:name="com.google.firebase.INSTANCE_ID_EVENT" />
92-->src\main\AndroidManifest.xml:75:17-80
92-->src\main\AndroidManifest.xml:75:25-77
93            </intent-filter>
94        </service>
95        <service android:name="ast.adrs.va.IntroAuxiliaries.FCMUtils.MyFcmListenerService" >
95-->src\main\AndroidManifest.xml:79:9-83:19
95-->src\main\AndroidManifest.xml:79:18-91
96            <intent-filter>
96-->src\main\AndroidManifest.xml:80:13-82:29
97                <action android:name="com.google.firebase.MESSAGING_EVENT" />
97-->src\main\AndroidManifest.xml:81:17-78
97-->src\main\AndroidManifest.xml:81:25-75
98            </intent-filter>
99        </service>
100        <!-- endregion -->
101
102        <receiver
102-->src\main\AndroidManifest.xml:87:9-94:20
103            android:name="swarajsaaj.smscodereader.receivers.OtpReader"
103-->src\main\AndroidManifest.xml:88:13-72
104            android:enabled="true"
104-->src\main\AndroidManifest.xml:89:13-35
105            android:exported="true" >
105-->src\main\AndroidManifest.xml:90:13-36
106            <intent-filter android:priority="1000" >
106-->src\main\AndroidManifest.xml:91:13-93:29
106-->src\main\AndroidManifest.xml:91:28-51
107                <action android:name="android.provider.Telephony.SMS_RECEIVED" />
107-->src\main\AndroidManifest.xml:92:17-82
107-->src\main\AndroidManifest.xml:92:25-79
108            </intent-filter>
109        </receiver>
110
111        <activity
111-->[pub.devrel:easypermissions:3.0.0] AndroidManifest.xml:12:9-16:66
112            android:name="pub.devrel.easypermissions.AppSettingsDialogHolderActivity"
112-->[pub.devrel:easypermissions:3.0.0] AndroidManifest.xml:13:13-86
113            android:exported="false"
113-->[pub.devrel:easypermissions:3.0.0] AndroidManifest.xml:14:13-37
114            android:label=""
114-->[pub.devrel:easypermissions:3.0.0] AndroidManifest.xml:15:13-29
115            android:theme="@style/EasyPermissions.Transparent" />
115-->[pub.devrel:easypermissions:3.0.0] AndroidManifest.xml:16:13-63
116        <!--
117             FirebaseMessagingService performs security checks at runtime,
118             but set to not exported to explicitly avoid allowing another app to call it.
119        -->
120        <service
120-->[com.google.firebase:firebase-messaging:21.0.0] AndroidManifest.xml:28:9-35:19
121            android:name="com.google.firebase.messaging.FirebaseMessagingService"
121-->[com.google.firebase:firebase-messaging:21.0.0] AndroidManifest.xml:29:13-82
122            android:directBootAware="true"
122-->[com.google.firebase:firebase-messaging:21.0.0] AndroidManifest.xml:30:13-43
123            android:exported="false" >
123-->[com.google.firebase:firebase-messaging:21.0.0] AndroidManifest.xml:31:13-37
124            <intent-filter android:priority="-500" >
124-->src\main\AndroidManifest.xml:80:13-82:29
125                <action android:name="com.google.firebase.MESSAGING_EVENT" />
125-->src\main\AndroidManifest.xml:81:17-78
125-->src\main\AndroidManifest.xml:81:25-75
126            </intent-filter>
127        </service>
128        <service
128-->[com.google.firebase:firebase-messaging:21.0.0] AndroidManifest.xml:36:9-42:19
129            android:name="com.google.firebase.components.ComponentDiscoveryService"
129-->[com.google.firebase:firebase-messaging:21.0.0] AndroidManifest.xml:37:13-84
130            android:directBootAware="true"
130-->[com.google.firebase:firebase-common:19.3.1] AndroidManifest.xml:35:13-43
131            android:exported="false" >
131-->[com.google.firebase:firebase-messaging:21.0.0] AndroidManifest.xml:38:13-37
132            <meta-data
132-->[com.google.firebase:firebase-messaging:21.0.0] AndroidManifest.xml:39:13-41:85
133                android:name="com.google.firebase.components:com.google.firebase.messaging.FirebaseMessagingRegistrar"
133-->[com.google.firebase:firebase-messaging:21.0.0] AndroidManifest.xml:40:17-119
134                android:value="com.google.firebase.components.ComponentRegistrar" />
134-->[com.google.firebase:firebase-messaging:21.0.0] AndroidManifest.xml:41:17-82
135            <meta-data
135-->[com.google.firebase:firebase-iid:21.0.0] AndroidManifest.xml:32:13-34:85
136                android:name="com.google.firebase.components:com.google.firebase.iid.Registrar"
136-->[com.google.firebase:firebase-iid:21.0.0] AndroidManifest.xml:33:17-96
137                android:value="com.google.firebase.components.ComponentRegistrar" />
137-->[com.google.firebase:firebase-iid:21.0.0] AndroidManifest.xml:34:17-82
138            <meta-data
138-->[com.google.firebase:firebase-crashlytics:17.2.2] AndroidManifest.xml:16:13-18:85
139                android:name="com.google.firebase.components:com.google.firebase.crashlytics.CrashlyticsRegistrar"
139-->[com.google.firebase:firebase-crashlytics:17.2.2] AndroidManifest.xml:17:17-115
140                android:value="com.google.firebase.components.ComponentRegistrar" />
140-->[com.google.firebase:firebase-crashlytics:17.2.2] AndroidManifest.xml:18:17-82
141            <meta-data
141-->[com.google.android.gms:play-services-measurement-api:18.0.0] AndroidManifest.xml:30:13-32:85
142                android:name="com.google.firebase.components:com.google.firebase.analytics.connector.internal.AnalyticsConnectorRegistrar"
142-->[com.google.android.gms:play-services-measurement-api:18.0.0] AndroidManifest.xml:31:17-139
143                android:value="com.google.firebase.components.ComponentRegistrar" />
143-->[com.google.android.gms:play-services-measurement-api:18.0.0] AndroidManifest.xml:32:17-82
144            <meta-data
144-->[com.google.firebase:firebase-installations:16.3.3] AndroidManifest.xml:17:13-19:85
145                android:name="com.google.firebase.components:com.google.firebase.installations.FirebaseInstallationsRegistrar"
145-->[com.google.firebase:firebase-installations:16.3.3] AndroidManifest.xml:18:17-127
146                android:value="com.google.firebase.components.ComponentRegistrar" />
146-->[com.google.firebase:firebase-installations:16.3.3] AndroidManifest.xml:19:17-82
147            <meta-data
147-->[com.google.firebase:firebase-datatransport:17.0.3] AndroidManifest.xml:28:13-30:85
148                android:name="com.google.firebase.components:com.google.firebase.datatransport.TransportRegistrar"
148-->[com.google.firebase:firebase-datatransport:17.0.3] AndroidManifest.xml:29:17-115
149                android:value="com.google.firebase.components.ComponentRegistrar" />
149-->[com.google.firebase:firebase-datatransport:17.0.3] AndroidManifest.xml:30:17-82
150        </service> <!-- Needs to be explicitly declared on P+ -->
151        <uses-library
151-->[com.google.android.gms:play-services-maps:16.1.0] AndroidManifest.xml:33:9-35:40
152            android:name="org.apache.http.legacy"
152-->[com.google.android.gms:play-services-maps:16.1.0] AndroidManifest.xml:34:13-50
153            android:required="false" />
153-->[com.google.android.gms:play-services-maps:16.1.0] AndroidManifest.xml:35:13-37
154
155        <receiver
155-->[com.google.firebase:firebase-iid:21.0.0] AndroidManifest.xml:37:9-44:20
156            android:name="com.google.firebase.iid.FirebaseInstanceIdReceiver"
156-->[com.google.firebase:firebase-iid:21.0.0] AndroidManifest.xml:38:13-78
157            android:exported="true"
157-->[com.google.firebase:firebase-iid:21.0.0] AndroidManifest.xml:39:13-36
158            android:permission="com.google.android.c2dm.permission.SEND" >
158-->[com.google.firebase:firebase-iid:21.0.0] AndroidManifest.xml:40:13-73
159            <intent-filter>
159-->[com.google.firebase:firebase-iid:21.0.0] AndroidManifest.xml:41:13-43:29
160                <action android:name="com.google.android.c2dm.intent.RECEIVE" />
160-->[com.google.firebase:firebase-iid:21.0.0] AndroidManifest.xml:42:17-81
160-->[com.google.firebase:firebase-iid:21.0.0] AndroidManifest.xml:42:25-78
161            </intent-filter>
162        </receiver>
163
164        <activity
164-->[com.google.android.gms:play-services-base:17.0.0] AndroidManifest.xml:23:9-26:75
165            android:name="com.google.android.gms.common.api.GoogleApiActivity"
165-->[com.google.android.gms:play-services-base:17.0.0] AndroidManifest.xml:24:13-79
166            android:exported="false"
166-->[com.google.android.gms:play-services-base:17.0.0] AndroidManifest.xml:25:13-37
167            android:theme="@android:style/Theme.Translucent.NoTitleBar" />
167-->[com.google.android.gms:play-services-base:17.0.0] AndroidManifest.xml:26:13-72
168
169        <provider
169-->[com.squareup.picasso:picasso:2.71828] AndroidManifest.xml:8:9-11:40
170            android:name="com.squareup.picasso.PicassoProvider"
170-->[com.squareup.picasso:picasso:2.71828] AndroidManifest.xml:9:13-64
171            android:authorities="ast.adrs.va.com.squareup.picasso"
171-->[com.squareup.picasso:picasso:2.71828] AndroidManifest.xml:10:13-72
172            android:exported="false" />
172-->[com.squareup.picasso:picasso:2.71828] AndroidManifest.xml:11:13-37
173
174        <service
174-->[com.google.android.datatransport:transport-backend-cct:2.3.1] AndroidManifest.xml:29:9-35:19
175            android:name="com.google.android.datatransport.runtime.backends.TransportBackendDiscovery"
175-->[com.google.android.datatransport:transport-backend-cct:2.3.1] AndroidManifest.xml:30:13-103
176            android:exported="false" >
176-->[com.google.android.datatransport:transport-backend-cct:2.3.1] AndroidManifest.xml:31:13-37
177            <meta-data
177-->[com.google.android.datatransport:transport-backend-cct:2.3.1] AndroidManifest.xml:32:13-34:39
178                android:name="backend:com.google.android.datatransport.cct.CctBackendFactory"
178-->[com.google.android.datatransport:transport-backend-cct:2.3.1] AndroidManifest.xml:33:17-94
179                android:value="cct" />
179-->[com.google.android.datatransport:transport-backend-cct:2.3.1] AndroidManifest.xml:34:17-36
180        </service>
181
182        <provider
182-->[com.google.firebase:firebase-common:19.3.1] AndroidManifest.xml:26:9-31:39
183            android:name="com.google.firebase.provider.FirebaseInitProvider"
183-->[com.google.firebase:firebase-common:19.3.1] AndroidManifest.xml:27:13-77
184            android:authorities="ast.adrs.va.firebaseinitprovider"
184-->[com.google.firebase:firebase-common:19.3.1] AndroidManifest.xml:28:13-72
185            android:directBootAware="true"
185-->[com.google.firebase:firebase-common:19.3.1] AndroidManifest.xml:29:13-43
186            android:exported="false"
186-->[com.google.firebase:firebase-common:19.3.1] AndroidManifest.xml:30:13-37
187            android:initOrder="100" />
187-->[com.google.firebase:firebase-common:19.3.1] AndroidManifest.xml:31:13-36
188
189        <receiver
189-->[com.google.android.gms:play-services-measurement:18.0.0] AndroidManifest.xml:29:9-33:20
190            android:name="com.google.android.gms.measurement.AppMeasurementReceiver"
190-->[com.google.android.gms:play-services-measurement:18.0.0] AndroidManifest.xml:30:13-85
191            android:enabled="true"
191-->[com.google.android.gms:play-services-measurement:18.0.0] AndroidManifest.xml:31:13-35
192            android:exported="false" >
192-->[com.google.android.gms:play-services-measurement:18.0.0] AndroidManifest.xml:32:13-37
193        </receiver>
194
195        <service
195-->[com.google.android.gms:play-services-measurement:18.0.0] AndroidManifest.xml:35:9-38:40
196            android:name="com.google.android.gms.measurement.AppMeasurementService"
196-->[com.google.android.gms:play-services-measurement:18.0.0] AndroidManifest.xml:36:13-84
197            android:enabled="true"
197-->[com.google.android.gms:play-services-measurement:18.0.0] AndroidManifest.xml:37:13-35
198            android:exported="false" />
198-->[com.google.android.gms:play-services-measurement:18.0.0] AndroidManifest.xml:38:13-37
199        <service
199-->[com.google.android.gms:play-services-measurement:18.0.0] AndroidManifest.xml:39:9-43:72
200            android:name="com.google.android.gms.measurement.AppMeasurementJobService"
200-->[com.google.android.gms:play-services-measurement:18.0.0] AndroidManifest.xml:40:13-87
201            android:enabled="true"
201-->[com.google.android.gms:play-services-measurement:18.0.0] AndroidManifest.xml:41:13-35
202            android:exported="false"
202-->[com.google.android.gms:play-services-measurement:18.0.0] AndroidManifest.xml:42:13-37
203            android:permission="android.permission.BIND_JOB_SERVICE" />
203-->[com.google.android.gms:play-services-measurement:18.0.0] AndroidManifest.xml:43:13-69
204
205        <meta-data
205-->[com.google.android.gms:play-services-basement:17.0.0] AndroidManifest.xml:23:9-25:69
206            android:name="com.google.android.gms.version"
206-->[com.google.android.gms:play-services-basement:17.0.0] AndroidManifest.xml:24:13-58
207            android:value="@integer/google_play_services_version" />
207-->[com.google.android.gms:play-services-basement:17.0.0] AndroidManifest.xml:25:13-66
208
209        <service
209-->[com.google.android.datatransport:transport-runtime:2.2.4] AndroidManifest.xml:26:9-30:19
210            android:name="com.google.android.datatransport.runtime.scheduling.jobscheduling.JobInfoSchedulerService"
210-->[com.google.android.datatransport:transport-runtime:2.2.4] AndroidManifest.xml:27:13-117
211            android:exported="false"
211-->[com.google.android.datatransport:transport-runtime:2.2.4] AndroidManifest.xml:28:13-37
212            android:permission="android.permission.BIND_JOB_SERVICE" >
212-->[com.google.android.datatransport:transport-runtime:2.2.4] AndroidManifest.xml:29:13-69
213        </service>
214
215        <receiver
215-->[com.google.android.datatransport:transport-runtime:2.2.4] AndroidManifest.xml:32:9-34:40
216            android:name="com.google.android.datatransport.runtime.scheduling.jobscheduling.AlarmManagerSchedulerBroadcastReceiver"
216-->[com.google.android.datatransport:transport-runtime:2.2.4] AndroidManifest.xml:33:13-132
217            android:exported="false" />
217-->[com.google.android.datatransport:transport-runtime:2.2.4] AndroidManifest.xml:34:13-37
218    </application>
219
220</manifest>